<?xml version="1.0" encoding="UTF-8"?>
<!-- Generated by org.testng.reporters.JUnitReportReporter -->
<testsuite name="org.roopa.cart.ShopingCart" tests="6" time="60.645" ignored="0" failures="0" timestamp="23 Jan 2017 09:47:33 GMT" skipped="0" hostname="MUDIGOUD1" errors="0">
  <testcase name="searchAndAdd" time="6.448" classname="org.roopa.cart.ShopingCart"/>
  <testcase name="assertionGrandTotal" time="0.548" classname="org.roopa.cart.ShopingCart"/>
  <testcase name="assertionTax" time="4.933" classname="org.roopa.cart.ShopingCart"/>
  <testcase name="searchAndAdd" time="12.538" classname="org.roopa.cart.ShopingCart"/>
  <testcase name="checkOut" time="18.283" classname="org.roopa.cart.ShopingCart"/>
  <testcase name="searchAndAdd" time="17.895" classname="org.roopa.cart.ShopingCart"/>
</testsuite> <!-- org.roopa.cart.ShopingCart -->
