<?xml version="1.0" encoding="UTF-8"?>
<!-- Generated by org.testng.reporters.JUnitReportReporter -->
<testsuite name="org.roopa.cart.CartFirefox" tests="6" time="65.953" ignored="0" failures="0" timestamp="23 Jan 2017 09:02:00 GMT" skipped="0" hostname="MUDIGOUD1" errors="0">
  <testcase name="searchAndAdd" time="18.148" classname="org.roopa.cart.CartFirefox"/>
  <testcase name="assertionTax" time="4.110" classname="org.roopa.cart.CartFirefox"/>
  <testcase name="searchAndAdd" time="9.250" classname="org.roopa.cart.CartFirefox"/>
  <testcase name="searchAndAdd" time="16.684" classname="org.roopa.cart.CartFirefox"/>
  <testcase name="assertionGrandTotal" time="0.161" classname="org.roopa.cart.CartFirefox"/>
  <testcase name="checkOut" time="17.600" classname="org.roopa.cart.CartFirefox"/>
</testsuite> <!-- org.roopa.cart.CartFirefox -->
