<?xml version="1.0" encoding="UTF-8"?>
<!-- Generated by org.testng.reporters.JUnitReportReporter -->
<testsuite hostname="MUDIGOUD1" name="org.shri.cart.CartFirefox" tests="6" failures="0" timestamp="20 Jan 2017 03:02:49 GMT" time="145.283" errors="0">
  <testcase name="assertionGrandTotal" time="0.418" classname="org.shri.cart.CartFirefox"/>
  <testcase name="checkOut" time="39.954" classname="org.shri.cart.CartFirefox"/>
  <testcase name="searchAndAdd" time="14.046" classname="org.shri.cart.CartFirefox"/>
  <testcase name="assertionTax" time="6.129" classname="org.shri.cart.CartFirefox"/>
  <testcase name="searchAndAdd" time="11.512" classname="org.shri.cart.CartFirefox"/>
  <testcase name="searchAndAdd" time="73.224" classname="org.shri.cart.CartFirefox"/>
</testsuite> <!-- org.shri.cart.CartFirefox -->
