<?xml version="1.0" encoding="UTF-8"?>
<!-- Generated by org.testng.reporters.JUnitReportReporter -->
<testsuite name="org.roopa.cart.ShopingCart" tests="6" time="97.816" ignored="0" failures="0" timestamp="23 Jan 2017 09:06:38 GMT" skipped="0" hostname="MUDIGOUD1" errors="0">
  <testcase name="searchAndAdd" time="7.769" classname="org.roopa.cart.ShopingCart"/>
  <testcase name="assertionGrandTotal" time="0.216" classname="org.roopa.cart.ShopingCart"/>
  <testcase name="assertionTax" time="6.124" classname="org.roopa.cart.ShopingCart"/>
  <testcase name="searchAndAdd" time="47.065" classname="org.roopa.cart.ShopingCart"/>
  <testcase name="checkOut" time="24.110" classname="org.roopa.cart.ShopingCart"/>
  <testcase name="searchAndAdd" time="12.532" classname="org.roopa.cart.ShopingCart"/>
</testsuite> <!-- org.roopa.cart.ShopingCart -->
